# Logfile created on 2014-07-19 11:51:47 -0430 by logger.rb/44203
I, [2014-07-19T11:51:47.199774 #68430]  INFO -- : 0:  i18n (0.6.11) from /Users/srivas/.rvm/gems/ruby-2.1.0@conest_api/specifications/i18n-0.6.11.gemspec
I, [2014-07-19T11:51:47.200404 #68430]  INFO -- : 0:  json (1.8.1) from /Users/srivas/.rvm/rubies/ruby-2.1.0/lib/ruby/gems/2.1.0/specifications/default/json-1.8.1.gemspec
I, [2014-07-19T11:51:50.819759 #68430]  INFO -- : 0:  minitest (5.4.0) from /Users/srivas/.rvm/gems/ruby-2.1.0@conest_api/specifications/minitest-5.4.0.gemspec
I, [2014-07-19T11:51:54.145511 #68430]  INFO -- : 0:  thread_safe (0.3.4) from /Users/srivas/.rvm/gems/ruby-2.1.0@conest_api/specifications/thread_safe-0.3.4.gemspec
I, [2014-07-19T11:51:56.385623 #68430]  INFO -- : 0:  tzinfo (1.2.1) from /Users/srivas/.rvm/gems/ruby-2.1.0@conest_api/specifications/tzinfo-1.2.1.gemspec
I, [2014-07-19T11:51:59.953466 #68430]  INFO -- : 0:  activesupport (4.1.4) from /Users/srivas/.rvm/gems/ruby-2.1.0@conest_api/specifications/activesupport-4.1.4.gemspec
I, [2014-07-19T11:52:02.632020 #68430]  INFO -- : 0:  builder (3.2.2) from /Users/srivas/.rvm/gems/ruby-2.1.0@conest_api/specifications/builder-3.2.2.gemspec
I, [2014-07-19T11:52:05.375427 #68430]  INFO -- : 0:  activemodel (4.1.4) from /Users/srivas/.rvm/gems/ruby-2.1.0@conest_api/specifications/activemodel-4.1.4.gemspec
I, [2014-07-19T11:52:07.223177 #68430]  INFO -- : 0:  arel (5.0.1.20140414130214) from /Users/srivas/.rvm/gems/ruby-2.1.0@conest_api/specifications/arel-5.0.1.20140414130214.gemspec
I, [2014-07-19T11:52:12.500604 #68430]  INFO -- : 0:  activerecord (4.1.4) from /Users/srivas/.rvm/gems/ruby-2.1.0@conest_api/specifications/activerecord-4.1.4.gemspec
I, [2014-07-19T11:52:15.177023 #68430]  INFO -- : 0:  composite_primary_keys (7.0.4) from /Users/srivas/.rvm/gems/ruby-2.1.0@conest_api/specifications/composite_primary_keys-7.0.4.gemspec
I, [2014-07-19T11:52:24.224002 #68430]  INFO -- : 0:  mysql2 (0.3.16) from /Users/srivas/.rvm/gems/ruby-2.1.0@conest_api/specifications/mysql2-0.3.16.gemspec
I, [2014-07-19T11:52:28.066434 #68430]  INFO -- : 0:  rack (1.5.2) from /Users/srivas/.rvm/gems/ruby-2.1.0@conest_api/specifications/rack-1.5.2.gemspec
I, [2014-07-19T11:52:30.347931 #68430]  INFO -- : 0:  rack-protection (1.5.3) from /Users/srivas/.rvm/gems/ruby-2.1.0@conest_api/specifications/rack-protection-1.5.3.gemspec
I, [2014-07-19T11:52:32.441839 #68430]  INFO -- : 0:  tilt (1.4.1) from /Users/srivas/.rvm/gems/ruby-2.1.0@conest_api/specifications/tilt-1.4.1.gemspec
I, [2014-07-19T11:52:35.963338 #68430]  INFO -- : 0:  sinatra (1.4.5) from /Users/srivas/.rvm/gems/ruby-2.1.0@conest_api/specifications/sinatra-1.4.5.gemspec
I, [2014-07-19T11:52:35.964267 #68430]  INFO -- : 0:  bundler (1.5.1) from /Users/srivas/.rvm/gems/ruby-2.1.0@global/specifications/bundler-1.5.1.gemspec
I, [2014-07-19T12:17:47.653994 #69034]  INFO -- : 0:  i18n (0.6.11) from /Users/srivas/.rvm/gems/ruby-2.1.0@conest_api/specifications/i18n-0.6.11.gemspec
I, [2014-07-19T12:17:47.654368 #69034]  INFO -- : 0:  json (1.8.1) from /Users/srivas/.rvm/rubies/ruby-2.1.0/lib/ruby/gems/2.1.0/specifications/default/json-1.8.1.gemspec
I, [2014-07-19T12:17:47.654742 #69034]  INFO -- : 0:  minitest (5.4.0) from /Users/srivas/.rvm/gems/ruby-2.1.0@conest_api/specifications/minitest-5.4.0.gemspec
I, [2014-07-19T12:17:47.655030 #69034]  INFO -- : 0:  thread_safe (0.3.4) from /Users/srivas/.rvm/gems/ruby-2.1.0@conest_api/specifications/thread_safe-0.3.4.gemspec
I, [2014-07-19T12:17:47.655297 #69034]  INFO -- : 0:  tzinfo (1.2.1) from /Users/srivas/.rvm/gems/ruby-2.1.0@conest_api/specifications/tzinfo-1.2.1.gemspec
I, [2014-07-19T12:17:47.655567 #69034]  INFO -- : 0:  activesupport (4.1.4) from /Users/srivas/.rvm/gems/ruby-2.1.0@conest_api/specifications/activesupport-4.1.4.gemspec
I, [2014-07-19T12:17:47.655837 #69034]  INFO -- : 0:  builder (3.2.2) from /Users/srivas/.rvm/gems/ruby-2.1.0@conest_api/specifications/builder-3.2.2.gemspec
I, [2014-07-19T12:17:47.656097 #69034]  INFO -- : 0:  activemodel (4.1.4) from /Users/srivas/.rvm/gems/ruby-2.1.0@conest_api/specifications/activemodel-4.1.4.gemspec
I, [2014-07-19T12:17:47.656383 #69034]  INFO -- : 0:  arel (5.0.1.20140414130214) from /Users/srivas/.rvm/gems/ruby-2.1.0@conest_api/specifications/arel-5.0.1.20140414130214.gemspec
I, [2014-07-19T12:17:47.656651 #69034]  INFO -- : 0:  activerecord (4.1.4) from /Users/srivas/.rvm/gems/ruby-2.1.0@conest_api/specifications/activerecord-4.1.4.gemspec
I, [2014-07-19T12:17:51.505491 #69034]  INFO -- : 0:  backports (3.6.0) from /Users/srivas/.rvm/gems/ruby-2.1.0@conest_api/specifications/backports-3.6.0.gemspec
I, [2014-07-19T12:17:51.506042 #69034]  INFO -- : 0:  composite_primary_keys (7.0.4) from /Users/srivas/.rvm/gems/ruby-2.1.0@conest_api/specifications/composite_primary_keys-7.0.4.gemspec
I, [2014-07-19T12:17:53.321639 #69034]  INFO -- : 0:  multi_json (1.10.1) from /Users/srivas/.rvm/gems/ruby-2.1.0@conest_api/specifications/multi_json-1.10.1.gemspec
I, [2014-07-19T12:17:53.322130 #69034]  INFO -- : 0:  mysql2 (0.3.16) from /Users/srivas/.rvm/gems/ruby-2.1.0@conest_api/specifications/mysql2-0.3.16.gemspec
I, [2014-07-19T12:17:53.322518 #69034]  INFO -- : 0:  rack (1.5.2) from /Users/srivas/.rvm/gems/ruby-2.1.0@conest_api/specifications/rack-1.5.2.gemspec
I, [2014-07-19T12:17:53.322887 #69034]  INFO -- : 0:  rack-protection (1.5.3) from /Users/srivas/.rvm/gems/ruby-2.1.0@conest_api/specifications/rack-protection-1.5.3.gemspec
I, [2014-07-19T12:17:54.642654 #69034]  INFO -- : 0:  rack-test (0.6.2) from /Users/srivas/.rvm/gems/ruby-2.1.0@conest_api/specifications/rack-test-0.6.2.gemspec
I, [2014-07-19T12:17:54.643137 #69034]  INFO -- : 0:  tilt (1.4.1) from /Users/srivas/.rvm/gems/ruby-2.1.0@conest_api/specifications/tilt-1.4.1.gemspec
I, [2014-07-19T12:17:54.643495 #69034]  INFO -- : 0:  sinatra (1.4.5) from /Users/srivas/.rvm/gems/ruby-2.1.0@conest_api/specifications/sinatra-1.4.5.gemspec
I, [2014-07-19T12:17:57.125718 #69034]  INFO -- : 0:  sinatra-contrib (1.4.2) from /Users/srivas/.rvm/gems/ruby-2.1.0@conest_api/specifications/sinatra-contrib-1.4.2.gemspec
I, [2014-07-19T12:18:00.708774 #69034]  INFO -- : 0:  sinatra-reloader (1.0) from /Users/srivas/.rvm/gems/ruby-2.1.0@conest_api/specifications/sinatra-reloader-1.0.gemspec
I, [2014-07-19T12:18:00.709239 #69034]  INFO -- : 0:  bundler (1.5.1) from /Users/srivas/.rvm/gems/ruby-2.1.0@global/specifications/bundler-1.5.1.gemspec
